/directory/clinics/Peterborough/clinic/hampton-aesthetic-clinic rendered successfully
about section is longer than 50 characters
no li tags in accreditations
insurance section has 7 li tags
Fees section has 23 tr tags
Hours section has 7 tr tags
payments section has 8 li tags
/directory/clinics/Peterborough/clinic/and-so-beautiful-skin-clinic rendered successfully
about section is longer than 50 characters
accreditations section has 4 li tags
accreditations section has no not listed or not public
accreditations section has no not listed or not public
accreditations section has no not listed or not public
accreditations section has no not listed or not public
insurance section has 7 li tags
Fees section has 23 tr tags
Hours section has 7 tr tags
payments section has 8 li tags
/directory/clinics/Peterborough/clinic/bravo-medical-aesthetics rendered successfully
about section is longer than 50 characters
accreditations section has 1 li tags
accreditations section has no not listed or not public
insurance section has 7 li tags
Fees section has 23 tr tags
Hours section has 7 tr tags
payments section has 3 li tags
/directory/clinics/Peterborough/clinic/dermal-plus-clinic rendered successfully
about section is longer than 50 characters
accreditations section has 3 li tags
accreditations section has no not listed or not public
accreditations section has no not listed or not public
accreditations section has no not listed or not public
insurance section has 7 li tags
Fees section has 23 tr tags
Hours section has 7 tr tags
payments section has 8 li tags
/directory/clinics/Peterborough/clinic/dermalogica rendered successfully
about section is longer than 50 characters
accreditations section has 2 li tags
accreditations section has no not listed or not public
accreditations section has no not listed or not public
insurance section has 7 li tags
Fees section has 23 tr tags
Hours section has 1 tr tags
payments section has 1 li tags
/directory/clinics/Peterborough/clinic/dr-cedric-banfield rendered successfully
about section is longer than 50 characters
accreditations section has 1 li tags
accreditations section has no not listed or not public
insurance section has 1 li tags
Fees section has 23 tr tags
Hours section has 1 tr tags
payments section has 1 li tags
/directory/clinics/Peterborough/clinic/dr-majid-akram rendered successfully
about section is longer than 50 characters
accreditations section has 3 li tags
accreditations section has no not listed or not public
accreditations section has no not listed or not public
accreditations section has no not listed or not public
insurance section has 2 li tags
Fees section has 23 tr tags
Hours section has 7 tr tags
payments section has 2 li tags
/directory/clinics/Peterborough/clinic/dr-pj-van-den-bent rendered successfully
about section is longer than 50 characters
accreditations section has 2 li tags
accreditations section has no not listed or not public
accreditations section has no not listed or not public
insurance section has 1 li tags
Fees section has 23 tr tags
Hours section has 7 tr tags
payments section has 1 li tags
/directory/clinics/Peterborough/clinic/dr-abhijit-banerjee rendered successfully
about section is longer than 50 characters
accreditations section has 4 li tags
accreditations section has no not listed or not public
accreditations section has no not listed or not public
accreditations section has no not listed or not public
accreditations section has no not listed or not public
insurance section has 1 li tags
Fees section has 23 tr tags
Hours section has 2 tr tags
payments section has 1 li tags
/directory/clinics/Peterborough/clinic/drnaaesthetics rendered successfully
about section is longer than 50 characters
accreditations section has 2 li tags
accreditations section has no not listed or not public
accreditations section has no not listed or not public
insurance section has 7 li tags
Fees section has 23 tr tags
Hours section has 7 tr tags
payments section has 2 li tags
